C:\USERS\JONATHAN\DOCUMENTS\SFU\WINTER 2016\CMPT 225\ASSIGNMENTS\ASSIGNMENT 3\ASSIGNMENT3\ASSIGNMENT3\DEBUG\A3DRIVER.OBJ
C:\USERS\JONATHAN\DOCUMENTS\SFU\WINTER 2016\CMPT 225\ASSIGNMENTS\ASSIGNMENT 3\ASSIGNMENT3\ASSIGNMENT3\DEBUG\SORTING.OBJ
C:\USERS\JONATHAN\DOCUMENTS\SFU\WINTER 2016\CMPT 225\ASSIGNMENTS\ASSIGNMENT 3\ASSIGNMENT3\ASSIGNMENT3\DEBUG\VC110.PDB
C:\USERS\JONATHAN\DOCUMENTS\SFU\WINTER 2016\CMPT 225\ASSIGNMENTS\ASSIGNMENT 3\ASSIGNMENT3\DEBUG\ASSIGNMENT3.ILK
C:\USERS\JONATHAN\DOCUMENTS\SFU\WINTER 2016\CMPT 225\ASSIGNMENTS\ASSIGNMENT 3\ASSIGNMENT3\DEBUG\ASSIGNMENT3.EXE
C:\USERS\JONATHAN\DOCUMENTS\SFU\WINTER 2016\CMPT 225\ASSIGNMENTS\ASSIGNMENT 3\ASSIGNMENT3\DEBUG\ASSIGNMENT3.PDB
C:\Users\Jonathan\Documents\SFU\Winter 2016\CMPT 225\Assignments\Assignment 3\Assignment3\Assignment3\Debug\a3driver.obj
C:\Users\Jonathan\Documents\SFU\Winter 2016\CMPT 225\Assignments\Assignment 3\Assignment3\Assignment3\Debug\sorting.obj
C:\Users\Jonathan\Documents\SFU\Winter 2016\CMPT 225\Assignments\Assignment 3\Assignment3\Assignment3\Debug\cl.command.1.tlog
C:\Users\Jonathan\Documents\SFU\Winter 2016\CMPT 225\Assignments\Assignment 3\Assignment3\Assignment3\Debug\CL.read.1.tlog
C:\Users\Jonathan\Documents\SFU\Winter 2016\CMPT 225\Assignments\Assignment 3\Assignment3\Assignment3\Debug\CL.write.1.tlog
C:\Users\Jonathan\Documents\SFU\Winter 2016\CMPT 225\Assignments\Assignment 3\Assignment3\Assignment3\Debug\link-cvtres.read.1.tlog
C:\Users\Jonathan\Documents\SFU\Winter 2016\CMPT 225\Assignments\Assignment 3\Assignment3\Assignment3\Debug\link-cvtres.write.1.tlog
C:\Users\Jonathan\Documents\SFU\Winter 2016\CMPT 225\Assignments\Assignment 3\Assignment3\Assignment3\Debug\link-rc.read.1.tlog
C:\Users\Jonathan\Documents\SFU\Winter 2016\CMPT 225\Assignments\Assignment 3\Assignment3\Assignment3\Debug\link-rc.write.1.tlog
C:\Users\Jonathan\Documents\SFU\Winter 2016\CMPT 225\Assignments\Assignment 3\Assignment3\Assignment3\Debug\link.command.1.tlog
C:\Users\Jonathan\Documents\SFU\Winter 2016\CMPT 225\Assignments\Assignment 3\Assignment3\Assignment3\Debug\link.read.1.tlog
C:\Users\Jonathan\Documents\SFU\Winter 2016\CMPT 225\Assignments\Assignment 3\Assignment3\Assignment3\Debug\link.write.1.tlog
C:\Users\Jonathan\Documents\SFU\Winter 2016\CMPT 225\Assignments\Assignment 3\Assignment3\Assignment3\Debug\vc110.idb
C:\Users\Jonathan\Documents\SFU\Winter 2016\CMPT 225\Assignments\Assignment 3\Assignment3\Assignment3\Debug\vc110.pdb
C:\Users\Jonathan\Documents\SFU\Winter 2016\CMPT 225\Assignments\Assignment 3\Assignment3\Debug\Assignment3.pdb
C:\Users\Jonathan\Documents\SFU\Winter 2016\CMPT 225\Assignments\Assignment 3\Assignment3\Debug\Assignment3.exe
C:\Users\Jonathan\Documents\SFU\Winter 2016\CMPT 225\Assignments\Assignment 3\Assignment3\Debug\Assignment3.ilk
